<?xml version="1.0" encoding="UTF-8"?>
<robot generator="Robot 7.4.1 (Python 3.14.0 on win32)" generated="2026-02-05T13:29:31.026014" rpa="false" schemaversion="5">
<suite id="s1" name="Trytops" source="C:\Users\Filip\Documents\PyCharm\trytops">
<suite id="s1-s1" name="Test" source="C:\Users\Filip\Documents\PyCharm\trytops\test">
<suite id="s1-s1-s1" name="Första" source="C:\Users\Filip\Documents\PyCharm\trytops\test\Första.robot">
<test id="s1-s1-s1-t1" name="Öppna webbläsare" line="10">
<kw name="Set Selenium Speed" owner="SeleniumLibrary">
<arg>0.5</arg>
<doc>Sets the delay that is waited after each Selenium command.</doc>
<status status="PASS" start="2026-02-05T13:29:31.176177" elapsed="0.000239"/>
</kw>
<kw name="Open Browser" owner="SeleniumLibrary">
<msg time="2026-02-05T13:29:31.176908" level="INFO">Opening browser 'chrome' to base url 'http://127.0.0.1:8000/jurap.html'.</msg>
<arg>${URL}</arg>
<arg>${BROWSER}</arg>
<doc>Opens a new browser instance to the optional ``url``.</doc>
<status status="PASS" start="2026-02-05T13:29:31.176719" elapsed="1.248138"/>
</kw>
<kw name="Capture Page Screenshot" owner="SeleniumLibrary">
<msg time="2026-02-05T13:29:33.205867" level="INFO" html="true">&lt;/td&gt;&lt;/tr&gt;&lt;tr&gt;&lt;td colspan="3"&gt;&lt;a href="selenium-screenshot-9.png"&gt;&lt;img src="selenium-screenshot-9.png" width="800px"&gt;&lt;/a&gt;</msg>
<doc>Takes a screenshot of the current page and embeds it into a log file.</doc>
<status status="PASS" start="2026-02-05T13:29:32.425377" elapsed="0.780689"/>
</kw>
<status status="PASS" start="2026-02-05T13:29:31.175311" elapsed="2.031267"/>
</test>
<doc>Första Robot</doc>
<status status="PASS" start="2026-02-05T13:29:31.055638" elapsed="2.152305"/>
</suite>
<status status="PASS" start="2026-02-05T13:29:31.054655" elapsed="2.156197"/>
</suite>
<status status="PASS" start="2026-02-05T13:29:31.027591" elapsed="2.184302"/>
</suite>
<statistics>
<total>
<stat pass="1" fail="0" skip="0">All Tests</stat>
</total>
<tag>
</tag>
<suite>
<stat name="Trytops" id="s1" pass="1" fail="0" skip="0">Trytops</stat>
<stat name="Test" id="s1-s1" pass="1" fail="0" skip="0">Trytops.Test</stat>
<stat name="Första" id="s1-s1-s1" pass="1" fail="0" skip="0">Trytops.Test.Första</stat>
</suite>
</statistics>
<errors>
</errors>
</robot>
